<?xml version="1.0" encoding="UTF-8"?>
<!-- Generated by org.testng.reporters.JUnitReportReporter -->
<testsuite hostname="DESKTOP-L2548TI" failures="0" tests="1" name="com.hubspot.testcases.ContactsPageTest" time="35.845" errors="0" timestamp="2020-02-28T12:55:55 IST" skipped="0">
  <testcase classname="com.hubspot.testcases.ContactsPageTest" name="verifyContactTest" time="35.845"/>
  <system-out/>
</testsuite> <!-- com.hubspot.testcases.ContactsPageTest -->
