<?xml version="1.0" encoding="UTF-8"?>
<!-- Generated by org.testng.reporters.JUnitReportReporter -->
<testsuite hostname="DESKTOP-L2548TI" failures="0" tests="3" name="com.hubspot.testcases.HomePageTest" time="118.171" errors="0" timestamp="2020-02-28T12:55:55 IST" skipped="0">
  <testcase classname="com.hubspot.testcases.HomePageTest" name="verifyLogolTest" time="35.448"/>
  <system-out/>
  <testcase classname="com.hubspot.testcases.HomePageTest" name="verifyEmailTest" time="33.133"/>
  <system-out/>
  <testcase classname="com.hubspot.testcases.HomePageTest" name="verifySignOutTest" time="49.590"/>
  <system-out/>
</testsuite> <!-- com.hubspot.testcases.HomePageTest -->
